19:08:55.223 [main] INFO  testCases.TC001_AccountRegistrationTest - Providing customer details...
19:08:55.257 [main] ERROR testCases.TC001_AccountRegistrationTest - Test Failed...
19:08:07.173 [main] INFO  testCases.TC001_AccountRegistrationTest - **** Starting TC001_AccountRegistrationTest ****
19:08:07.293 [main] INFO  testCases.TC001_AccountRegistrationTest - Clicked on MyAccount link...
19:08:07.587 [main] INFO  testCases.TC001_AccountRegistrationTest - Clicked on Register link...
19:08:07.589 [main] INFO  testCases.TC001_AccountRegistrationTest - Providing customer details...
19:08:08.769 [main] INFO  testCases.TC001_AccountRegistrationTest - Validating expected message...
19:08:08.819 [main] INFO  testCases.TC001_AccountRegistrationTest - **** Finished TC001_AccountRegistrationTest ****
23:08:19.555 [main] INFO  testCases.TC001_AccountRegistrationTest - **** Starting TC001_AccountRegistrationTest ****
23:08:19.646 [main] INFO  testCases.TC001_AccountRegistrationTest - Clicked on MyAccount link...
23:08:19.944 [main] INFO  testCases.TC001_AccountRegistrationTest - Clicked on Register link...
23:08:19.947 [main] INFO  testCases.TC001_AccountRegistrationTest - Providing customer details...
23:08:21.153 [main] INFO  testCases.TC001_AccountRegistrationTest - Validating expected message...
23:08:21.184 [main] INFO  testCases.TC001_AccountRegistrationTest - **** Finished TC001_AccountRegistrationTest ****
23:08:28.315 [main] INFO  testCases.TC001_AccountRegistrationTest - **** Starting TC001_AccountRegistrationTest ****
23:08:28.425 [main] INFO  testCases.TC001_AccountRegistrationTest - Clicked on MyAccount link...
23:08:28.736 [main] INFO  testCases.TC001_AccountRegistrationTest - Clicked on Register link...
23:08:28.739 [main] INFO  testCases.TC001_AccountRegistrationTest - Providing customer details...
23:08:29.957 [main] INFO  testCases.TC001_AccountRegistrationTest - Validating expected message...
23:08:29.989 [main] INFO  testCases.TC001_AccountRegistrationTest - **** Finished TC001_AccountRegistrationTest ****
